<?xml version="1.0" encoding="UTF-8"?>
<!-- Generated by org.testng.reporters.JUnitXMLReporter -->
<testsuite ignored="0" hostname="LAPTOP-QF0JPS5G" failures="0" tests="4" name="Default test" time="13.966" errors="0" timestamp="2022-10-02T11:45:58 IST">
  <testcase classname="Test.Testing" name="ValidateLoginScript" time="2.809"/>
  <testcase classname="Test.Testing" name="addDetailToRegisterForm" time="1.928"/>
  <testcase classname="Test.Testing" name="addToCart" time="2.785"/>
  <testcase classname="Test.Testing" name="addDetailsToLoginForm" time="6.378"/>
</testsuite> <!-- Default test -->
